c:\users\abhik\code\2021spring\mat321\projects\moorerreverb\vst\aureverb\builds\visualstudio2019\x64\debug\shared code\include_juce_data_structures.obj
c:\users\abhik\code\2021spring\mat321\projects\moorerreverb\vst\aureverb\builds\visualstudio2019\x64\debug\shared code\include_juce_gui_basics.obj
c:\users\abhik\code\2021spring\mat321\projects\moorerreverb\vst\aureverb\builds\visualstudio2019\x64\debug\shared code\include_juce_events.obj
c:\users\abhik\code\2021spring\mat321\projects\moorerreverb\vst\aureverb\builds\visualstudio2019\x64\debug\shared code\include_juce_audio_utils.obj
c:\users\abhik\code\2021spring\mat321\projects\moorerreverb\vst\aureverb\builds\visualstudio2019\x64\debug\shared code\pluginprocessor.obj
c:\users\abhik\code\2021spring\mat321\projects\moorerreverb\vst\aureverb\builds\visualstudio2019\x64\debug\shared code\reverb.obj
c:\users\abhik\code\2021spring\mat321\projects\moorerreverb\vst\aureverb\builds\visualstudio2019\x64\debug\shared code\include_juce_graphics.obj
c:\users\abhik\code\2021spring\mat321\projects\moorerreverb\vst\aureverb\builds\visualstudio2019\x64\debug\shared code\include_juce_audio_processors.obj
c:\users\abhik\code\2021spring\mat321\projects\moorerreverb\vst\aureverb\builds\visualstudio2019\x64\debug\shared code\plugineditor.obj
c:\users\abhik\code\2021spring\mat321\projects\moorerreverb\vst\aureverb\builds\visualstudio2019\x64\debug\shared code\include_juce_audio_basics.obj
c:\users\abhik\code\2021spring\mat321\projects\moorerreverb\vst\aureverb\builds\visualstudio2019\x64\debug\shared code\include_juce_gui_extra.obj
c:\users\abhik\code\2021spring\mat321\projects\moorerreverb\vst\aureverb\builds\visualstudio2019\x64\debug\shared code\include_juce_core.obj
c:\users\abhik\code\2021spring\mat321\projects\moorerreverb\vst\aureverb\builds\visualstudio2019\x64\debug\shared code\include_juce_audio_devices.obj
c:\users\abhik\code\2021spring\mat321\projects\moorerreverb\vst\aureverb\builds\visualstudio2019\x64\debug\shared code\include_juce_audio_formats.obj
c:\users\abhik\code\2021spring\mat321\projects\moorerreverb\vst\aureverb\builds\visualstudio2019\x64\debug\shared code\include_juce_audio_plugin_client_utils.obj
c:\users\abhik\code\2021spring\mat321\projects\moorerreverb\vst\aureverb\builds\visualstudio2019\x64\debug\shared code\aureverb_sharedcode.pdb
c:\users\abhik\code\2021spring\mat321\projects\moorerreverb\vst\aureverb\builds\visualstudio2019\x64\debug\shared code\aureverb.lib
c:\users\abhik\code\2021spring\mat321\projects\moorerreverb\vst\aureverb\builds\visualstudio2019\x64\debug\shared code\aureverb.3e85f626.tlog\cl.command.1.tlog
c:\users\abhik\code\2021spring\mat321\projects\moorerreverb\vst\aureverb\builds\visualstudio2019\x64\debug\shared code\aureverb.3e85f626.tlog\cl.read.1.tlog
c:\users\abhik\code\2021spring\mat321\projects\moorerreverb\vst\aureverb\builds\visualstudio2019\x64\debug\shared code\aureverb.3e85f626.tlog\cl.write.1.tlog
c:\users\abhik\code\2021spring\mat321\projects\moorerreverb\vst\aureverb\builds\visualstudio2019\x64\debug\shared code\aureverb.3e85f626.tlog\lib-link.read.1.tlog
c:\users\abhik\code\2021spring\mat321\projects\moorerreverb\vst\aureverb\builds\visualstudio2019\x64\debug\shared code\aureverb.3e85f626.tlog\lib-link.write.1.tlog
c:\users\abhik\code\2021spring\mat321\projects\moorerreverb\vst\aureverb\builds\visualstudio2019\x64\debug\shared code\aureverb.3e85f626.tlog\lib.command.1.tlog
